<?xml version="1.0" encoding="UTF-8"?>
<!-- Generated by org.testng.reporters.JUnitXMLReporter -->
<testsuite hostname="LAPTOP-1U9BADA8" ignored="3" name="Default test" tests="1" failures="0" timestamp="30 nov 2019 23:10:40 GMT" time="18.693" errors="0">
  <testcase name="aplicacativosDispositivos" time="4.567" classname="test.TestesAmazon"/>
  <testcase name="MaisVendidos" time="0.0" classname="test.TestesAmazon">
    <ignored/>
  </testcase> <!-- MaisVendidos -->
  <testcase name="validarDepartamentos" time="0.0" classname="test.TestesAmazon">
    <ignored/>
  </testcase> <!-- validarDepartamentos -->
  <testcase name="entrarPaginaProduto" time="0.0" classname="test.TestesAmazon">
    <ignored/>
  </testcase> <!-- entrarPaginaProduto -->
</testsuite> <!-- Default test -->
